# JRE version: OpenJDK Runtime Environment (21.0.6) (build 21.0.6+-13368085-b895.109)
# Java VM: OpenJDK 64-Bit Server VM (21.0.6+-13368085-b895.109, mixed mode, tiered, compressed oops, compressed class ptrs, g1 gc, windows-amd64)
GC Precious Log:
 CardTable entry size: 512
 Card Set container configuration: InlinePtr #cards 4 size 8 Array Of Cards #cards 16 size 48 Howl #buckets 8 coarsen threshold 3686 Howl Bitmap #cards 512 size 80 coarsen threshold 460 Card regions per heap region 1 cards per card region 4096
 CPUs: 16 total, 16 available
 Memory: 16087M
 Large Page Support: Disabled
 NUMA Support: Disabled
 Compressed Oops: Enabled (Zero based)
 Heap Region Size: 2M
 Heap Min Capacity: 8M
 Heap Initial Capacity: 252M
 Heap Max Capacity: 4022M
 Pre-touch: Disabled
 Parallel Workers: 13
 Concurrent Workers: 3
 Concurrent Refinement Workers: 13
 Periodic GC: Disabled
Heap:
 garbage-first heap   total 382976K, used 281928K [0x0000000704a00000, 0x0000000800000000)
  region size 2048K, 31 young (63488K), 6 survivors (12288K)
 Metaspace       used 98515K, committed 98944K, reserved 1179648K
  class space    used 9295K, committed 9472K, reserved 1048576K
GC Heap History (20 events):
Event: 7.891 GC heap before
{Heap before GC invocations=22 (full 0):
 garbage-first heap   total 249856K, used 220249K [0x0000000704a00000, 0x0000000800000000)
  region size 2048K, 38 young (77824K), 3 survivors (6144K)
 Metaspace       used 61231K, committed 61568K, reserved 1114112K
  class space    used 6514K, committed 6656K, reserved 1048576K
}
Event: 7.897 GC heap after
{Heap after GC invocations=23 (full 0):
 garbage-first heap   total 301056K, used 152386K [0x0000000704a00000, 0x0000000800000000)
  region size 2048K, 5 young (10240K), 5 survivors (10240K)
 Metaspace       used 61231K, committed 61568K, reserved 1114112K
  class space    used 6514K, committed 6656K, reserved 1048576K
}
Event: 9.351 GC heap before
{Heap before GC invocations=24 (full 0):
 garbage-first heap   total 301056K, used 262978K [0x0000000704a00000, 0x0000000800000000)
  region size 2048K, 59 young (120832K), 5 survivors (10240K)
 Metaspace       used 65616K, committed 65984K, reserved 1114112K
  class space    used 6823K, committed 6976K, reserved 1048576K
}
Event: 9.359 GC heap after
{Heap after GC invocations=25 (full 0):
 garbage-first heap   total 301056K, used 158110K [0x0000000704a00000, 0x0000000800000000)
  region size 2048K, 7 young (14336K), 7 survivors (14336K)
 Metaspace       used 65616K, committed 65984K, reserved 1114112K
  class space    used 6823K, committed 6976K, reserved 1048576K
}
Event: 10.477 GC heap before
{Heap before GC invocations=25 (full 0):
 garbage-first heap   total 301056K, used 268702K [0x0000000704a00000, 0x0000000800000000)
  region size 2048K, 61 young (124928K), 7 survivors (14336K)
 Metaspace       used 71937K, committed 72256K, reserved 1114112K
  class space    used 7367K, committed 7488K, reserved 1048576K
}
Event: 10.491 GC heap after
{Heap after GC invocations=26 (full 0):
 garbage-first heap   total 303104K, used 170407K [0x0000000704a00000, 0x0000000800000000)
  region size 2048K, 8 young (16384K), 8 survivors (16384K)
 Metaspace       used 71937K, committed 72256K, reserved 1114112K
  class space    used 7367K, committed 7488K, reserved 1048576K
}
Event: 10.788 GC heap before
{Heap before GC invocations=26 (full 0):
 garbage-first heap   total 303104K, used 188839K [0x0000000704a00000, 0x0000000800000000)
  region size 2048K, 18 young (36864K), 8 survivors (16384K)
 Metaspace       used 73893K, committed 74240K, reserved 1179648K
  class space    used 7510K, committed 7680K, reserved 1048576K
}
Event: 10.802 GC heap after
{Heap after GC invocations=27 (full 0):
 garbage-first heap   total 303104K, used 176636K [0x0000000704a00000, 0x0000000800000000)
  region size 2048K, 3 young (6144K), 3 survivors (6144K)
 Metaspace       used 73893K, committed 74240K, reserved 1179648K
  class space    used 7510K, committed 7680K, reserved 1048576K
}
Event: 11.519 GC heap before
{Heap before GC invocations=28 (full 0):
 garbage-first heap   total 303104K, used 264700K [0x0000000704a00000, 0x0000000800000000)
  region size 2048K, 46 young (94208K), 3 survivors (6144K)
 Metaspace       used 77879K, committed 78208K, reserved 1179648K
  class space    used 7763K, committed 7936K, reserved 1048576K
}
Event: 11.526 GC heap after
{Heap after GC invocations=29 (full 0):
 garbage-first heap   total 303104K, used 186056K [0x0000000704a00000, 0x0000000800000000)
  region size 2048K, 6 young (12288K), 6 survivors (12288K)
 Metaspace       used 77879K, committed 78208K, reserved 1179648K
  class space    used 7763K, committed 7936K, reserved 1048576K
}
Event: 12.234 GC heap before
{Heap before GC invocations=29 (full 0):
 garbage-first heap   total 303104K, used 270024K [0x0000000704a00000, 0x0000000800000000)
  region size 2048K, 47 young (96256K), 6 survivors (12288K)
 Metaspace       used 79747K, committed 80064K, reserved 1179648K
  class space    used 7935K, committed 8064K, reserved 1048576K
}
Event: 12.249 GC heap after
{Heap after GC invocations=30 (full 0):
 garbage-first heap   total 311296K, used 210581K [0x0000000704a00000, 0x0000000800000000)
  region size 2048K, 6 young (12288K), 6 survivors (12288K)
 Metaspace       used 79747K, committed 80064K, reserved 1179648K
  class space    used 7935K, committed 8064K, reserved 1048576K
}
Event: 12.800 GC heap before
{Heap before GC invocations=30 (full 0):
 garbage-first heap   total 311296K, used 274069K [0x0000000704a00000, 0x0000000800000000)
  region size 2048K, 37 young (75776K), 6 survivors (12288K)
 Metaspace       used 83263K, committed 83648K, reserved 1179648K
  class space    used 8283K, committed 8448K, reserved 1048576K
}
Event: 12.810 GC heap after
{Heap after GC invocations=31 (full 0):
 garbage-first heap   total 311296K, used 218194K [0x0000000704a00000, 0x0000000800000000)
  region size 2048K, 3 young (6144K), 3 survivors (6144K)
 Metaspace       used 83263K, committed 83648K, reserved 1179648K
  class space    used 8283K, committed 8448K, reserved 1048576K
}
Event: 13.952 GC heap before
{Heap before GC invocations=32 (full 0):
 garbage-first heap   total 366592K, used 279634K [0x0000000704a00000, 0x0000000800000000)
  region size 2048K, 33 young (67584K), 3 survivors (6144K)
 Metaspace       used 90122K, committed 90560K, reserved 1179648K
  class space    used 8769K, committed 8960K, reserved 1048576K
}
Event: 13.958 GC heap after
{Heap after GC invocations=33 (full 0):
 garbage-first heap   total 366592K, used 222448K [0x0000000704a00000, 0x0000000800000000)
  region size 2048K, 5 young (10240K), 5 survivors (10240K)
 Metaspace       used 90122K, committed 90560K, reserved 1179648K
  class space    used 8769K, committed 8960K, reserved 1048576K
}
Event: 14.748 GC heap before
{Heap before GC invocations=33 (full 0):
 garbage-first heap   total 366592K, used 294128K [0x0000000704a00000, 0x0000000800000000)
  region size 2048K, 41 young (83968K), 5 survivors (10240K)
 Metaspace       used 90987K, committed 91392K, reserved 1179648K
  class space    used 8773K, committed 8960K, reserved 1048576K
}
Event: 14.756 GC heap after
{Heap after GC invocations=34 (full 0):
 garbage-first heap   total 366592K, used 227478K [0x0000000704a00000, 0x0000000800000000)
  region size 2048K, 6 young (12288K), 6 survivors (12288K)
 Metaspace       used 90987K, committed 91392K, reserved 1179648K
  class space    used 8773K, committed 8960K, reserved 1048576K
}
Event: 16.624 GC heap before
{Heap before GC invocations=35 (full 0):
 garbage-first heap   total 382976K, used 327830K [0x0000000704a00000, 0x0000000800000000)
  region size 2048K, 55 young (112640K), 6 survivors (12288K)
 Metaspace       used 97936K, committed 98368K, reserved 1179648K
  class space    used 9280K, committed 9472K, reserved 1048576K
}
Event: 16.639 GC heap after
{Heap after GC invocations=36 (full 0):
 garbage-first heap   total 382976K, used 232776K [0x0000000704a00000, 0x0000000800000000)
  region size 2048K, 6 young (12288K), 6 survivors (12288K)
 Metaspace       used 97936K, committed 98368K, reserved 1179648K
  class space    used 9280K, committed 9472K, reserved 1048576K
}

